# JRE version: OpenJDK Runtime Environment (11.0.10) (build 11.0.10+0-b96-7249189)
# Java VM: OpenJDK 64-Bit Server VM (11.0.10+0-b96-7249189, mixed mode, tiered, compressed oops, g1 gc, windows-amd64)
Heap:
 garbage-first heap   total 529408K, used 181981K [0x0000000080000000, 0x0000000100000000)
  region size 1024K, 2 young (2048K), 2 survivors (2048K)
 Metaspace       used 114731K, capacity 117757K, committed 117964K, reserved 1150976K
  class space    used 15058K, capacity 16209K, committed 16332K, reserved 1048576K
GC Heap History (20 events):
Event: 28.872 GC heap after
{Heap after GC invocations=32 (full 0):
 garbage-first heap   total 233472K, used 170259K [0x0000000080000000, 0x0000000100000000)
  region size 1024K, 2 young (2048K), 2 survivors (2048K)
 Metaspace       used 113184K, capacity 116093K, committed 116300K, reserved 1148928K
  class space    used 14926K, capacity 16041K, committed 16204K, reserved 1048576K
}
Event: 28.994 GC heap before
{Heap before GC invocations=32 (full 0):
 garbage-first heap   total 233472K, used 188691K [0x0000000080000000, 0x0000000100000000)
  region size 1024K, 21 young (21504K), 2 survivors (2048K)
 Metaspace       used 113511K, capacity 116412K, committed 116556K, reserved 1148928K
  class space    used 14960K, capacity 16060K, committed 16204K, reserved 1048576K
}
Event: 29.007 GC heap after
{Heap after GC invocations=33 (full 0):
 garbage-first heap   total 233472K, used 178884K [0x0000000080000000, 0x0000000100000000)
  region size 1024K, 3 young (3072K), 3 survivors (3072K)
 Metaspace       used 113511K, capacity 116412K, committed 116556K, reserved 1148928K
  class space    used 14960K, capacity 16060K, committed 16204K, reserved 1048576K
}
Event: 29.172 GC heap before
{Heap before GC invocations=33 (full 0):
 garbage-first heap   total 233472K, used 193220K [0x0000000080000000, 0x0000000100000000)
  region size 1024K, 18 young (18432K), 3 survivors (3072K)
 Metaspace       used 113829K, capacity 116789K, committed 117068K, reserved 1150976K
  class space    used 14985K, capacity 16096K, committed 16204K, reserved 1048576K
}
Event: 29.181 GC heap after
{Heap after GC invocations=34 (full 0):
 garbage-first heap   total 233472K, used 184487K [0x0000000080000000, 0x0000000100000000)
  region size 1024K, 3 young (3072K), 3 survivors (3072K)
 Metaspace       used 113829K, capacity 116789K, committed 117068K, reserved 1150976K
  class space    used 14985K, capacity 16096K, committed 16204K, reserved 1048576K
}
Event: 29.254 GC heap before
{Heap before GC invocations=34 (full 0):
 garbage-first heap   total 233472K, used 195751K [0x0000000080000000, 0x0000000100000000)
  region size 1024K, 15 young (15360K), 3 survivors (3072K)
 Metaspace       used 113909K, capacity 116858K, committed 117068K, reserved 1150976K
  class space    used 14985K, capacity 16096K, committed 16204K, reserved 1048576K
}
Event: 29.261 GC heap after
{Heap after GC invocations=35 (full 0):
 garbage-first heap   total 233472K, used 189440K [0x0000000080000000, 0x0000000100000000)
  region size 1024K, 2 young (2048K), 2 survivors (2048K)
 Metaspace       used 113909K, capacity 116858K, committed 117068K, reserved 1150976K
  class space    used 14985K, capacity 16096K, committed 16204K, reserved 1048576K
}
Event: 29.405 GC heap before
{Heap before GC invocations=35 (full 0):
 garbage-first heap   total 233472K, used 201728K [0x0000000080000000, 0x0000000100000000)
  region size 1024K, 13 young (13312K), 2 survivors (2048K)
 Metaspace       used 114009K, capacity 116986K, committed 117324K, reserved 1150976K
  class space    used 14969K, capacity 16086K, committed 16204K, reserved 1048576K
}
Event: 29.412 GC heap after
{Heap after GC invocations=36 (full 0):
 garbage-first heap   total 233472K, used 193027K [0x0000000080000000, 0x0000000100000000)
  region size 1024K, 2 young (2048K), 2 survivors (2048K)
 Metaspace       used 114009K, capacity 116986K, committed 117324K, reserved 1150976K
  class space    used 14969K, capacity 16086K, committed 16204K, reserved 1048576K
}
Event: 29.446 GC heap before
{Heap before GC invocations=37 (full 0):
 garbage-first heap   total 233472K, used 202243K [0x0000000080000000, 0x0000000100000000)
  region size 1024K, 11 young (11264K), 2 survivors (2048K)
 Metaspace       used 114017K, capacity 116988K, committed 117324K, reserved 1150976K
  class space    used 14969K, capacity 16086K, committed 16204K, reserved 1048576K
}
Event: 29.453 GC heap after
{Heap after GC invocations=38 (full 0):
 garbage-first heap   total 233472K, used 193866K [0x0000000080000000, 0x0000000100000000)
  region size 1024K, 2 young (2048K), 2 survivors (2048K)
 Metaspace       used 114017K, capacity 116988K, committed 117324K, reserved 1150976K
  class space    used 14969K, capacity 16086K, committed 16204K, reserved 1048576K
}
Event: 29.551 GC heap before
{Heap before GC invocations=38 (full 0):
 garbage-first heap   total 233472K, used 202058K [0x0000000080000000, 0x0000000100000000)
  region size 1024K, 11 young (11264K), 2 survivors (2048K)
 Metaspace       used 114366K, capacity 117361K, committed 117580K, reserved 1150976K
  class space    used 15037K, capacity 16183K, committed 16204K, reserved 1048576K
}
Event: 29.565 GC heap after
{Heap after GC invocations=39 (full 0):
 garbage-first heap   total 280576K, used 190802K [0x0000000080000000, 0x0000000100000000)
  region size 1024K, 1 young (1024K), 1 survivors (1024K)
 Metaspace       used 114366K, capacity 117361K, committed 117580K, reserved 1150976K
  class space    used 15037K, capacity 16183K, committed 16204K, reserved 1048576K
}
Event: 29.677 GC heap before
{Heap before GC invocations=39 (full 0):
 garbage-first heap   total 280576K, used 217426K [0x0000000080000000, 0x0000000100000000)
  region size 1024K, 28 young (28672K), 1 survivors (1024K)
 Metaspace       used 114474K, capacity 117493K, committed 117580K, reserved 1150976K
  class space    used 15043K, capacity 16193K, committed 16204K, reserved 1048576K
}
Event: 29.699 GC heap after
{Heap after GC invocations=40 (full 0):
 garbage-first heap   total 280576K, used 196920K [0x0000000080000000, 0x0000000100000000)
  region size 1024K, 4 young (4096K), 4 survivors (4096K)
 Metaspace       used 114474K, capacity 117493K, committed 117580K, reserved 1150976K
  class space    used 15043K, capacity 16193K, committed 16204K, reserved 1048576K
}
Event: 29.897 GC heap before
{Heap before GC invocations=40 (full 0):
 garbage-first heap   total 280576K, used 222520K [0x0000000080000000, 0x0000000100000000)
  region size 1024K, 30 young (30720K), 4 survivors (4096K)
 Metaspace       used 114619K, capacity 117677K, committed 117964K, reserved 1150976K
  class space    used 15058K, capacity 16210K, committed 16332K, reserved 1048576K
}
Event: 29.906 GC heap after
{Heap after GC invocations=41 (full 0):
 garbage-first heap   total 280576K, used 200957K [0x0000000080000000, 0x0000000100000000)
  region size 1024K, 4 young (4096K), 4 survivors (4096K)
 Metaspace       used 114619K, capacity 117677K, committed 117964K, reserved 1150976K
  class space    used 15058K, capacity 16210K, committed 16332K, reserved 1048576K
}
Event: 30.212 GC heap before
{Heap before GC invocations=42 (full 0):
 garbage-first heap   total 280576K, used 219389K [0x0000000080000000, 0x0000000100000000)
  region size 1024K, 29 young (29696K), 4 survivors (4096K)
 Metaspace       used 114727K, capacity 117757K, committed 117964K, reserved 1150976K
  class space    used 15058K, capacity 16209K, committed 16332K, reserved 1048576K
}
Event: 30.222 GC heap after
{Heap after GC invocations=43 (full 0):
 garbage-first heap   total 280576K, used 194960K [0x0000000080000000, 0x0000000100000000)
  region size 1024K, 3 young (3072K), 3 survivors (3072K)
 Metaspace       used 114727K, capacity 117757K, committed 117964K, reserved 1150976K
  class space    used 15058K, capacity 16209K, committed 16332K, reserved 1048576K
}
Event: 30.305 GC heap before
{Heap before GC invocations=43 (full 0):
 garbage-first heap   total 280576K, used 206224K [0x0000000080000000, 0x0000000100000000)
  region size 1024K, 13 young (13312K), 3 survivors (3072K)
 Metaspace       used 114731K, capacity 117757K, committed 117964K, reserved 1150976K
  class space    used 15058K, capacity 16209K, committed 16332K, reserved 1048576K
}

