# JRE version: OpenJDK Runtime Environment (11.0.10) (build 11.0.10+0-b96-7249189)
# Java VM: OpenJDK 64-Bit Server VM (11.0.10+0-b96-7249189, mixed mode, tiered, compressed oops, g1 gc, windows-amd64)
Heap:
 garbage-first heap   total 694272K, used 230927K [0x0000000080000000, 0x0000000100000000)
  region size 1024K, 5 young (5120K), 5 survivors (5120K)
 Metaspace       used 125724K, capacity 129750K, committed 129868K, reserved 1161216K
  class space    used 16218K, capacity 17671K, committed 17740K, reserved 1048576K
GC Heap History (20 events):
Event: 846.343 GC heap after
{Heap after GC invocations=39 (full 0):
 garbage-first heap   total 237568K, used 208396K [0x0000000080000000, 0x0000000100000000)
  region size 1024K, 2 young (2048K), 2 survivors (2048K)
 Metaspace       used 121671K, capacity 125385K, committed 125644K, reserved 1157120K
  class space    used 15659K, capacity 17014K, committed 17100K, reserved 1048576K
}
Event: 846.391 GC heap before
{Heap before GC invocations=39 (full 0):
 garbage-first heap   total 237568K, used 217612K [0x0000000080000000, 0x0000000100000000)
  region size 1024K, 11 young (11264K), 2 survivors (2048K)
 Metaspace       used 121671K, capacity 125385K, committed 125644K, reserved 1157120K
  class space    used 15659K, capacity 17014K, committed 17100K, reserved 1048576K
}
Event: 846.401 GC heap after
{Heap after GC invocations=40 (full 0):
 garbage-first heap   total 237568K, used 213338K [0x0000000080000000, 0x0000000100000000)
  region size 1024K, 2 young (2048K), 2 survivors (2048K)
 Metaspace       used 121671K, capacity 125385K, committed 125644K, reserved 1157120K
  class space    used 15659K, capacity 17014K, committed 17100K, reserved 1048576K
}
Event: 846.527 GC heap before
{Heap before GC invocations=41 (full 0):
 garbage-first heap   total 237568K, used 222554K [0x0000000080000000, 0x0000000100000000)
  region size 1024K, 11 young (11264K), 2 survivors (2048K)
 Metaspace       used 122092K, capacity 125829K, committed 126028K, reserved 1159168K
  class space    used 15719K, capacity 17096K, committed 17228K, reserved 1048576K
}
Event: 846.533 GC heap after
{Heap after GC invocations=42 (full 0):
 garbage-first heap   total 237568K, used 216615K [0x0000000080000000, 0x0000000100000000)
  region size 1024K, 2 young (2048K), 2 survivors (2048K)
 Metaspace       used 122092K, capacity 125829K, committed 126028K, reserved 1159168K
  class space    used 15719K, capacity 17096K, committed 17228K, reserved 1048576K
}
Event: 846.573 GC heap before
{Heap before GC invocations=42 (full 0):
 garbage-first heap   total 237568K, used 224807K [0x0000000080000000, 0x0000000100000000)
  region size 1024K, 11 young (11264K), 2 survivors (2048K)
 Metaspace       used 122651K, capacity 126341K, committed 126540K, reserved 1159168K
  class space    used 15800K, capacity 17160K, committed 17228K, reserved 1048576K
}
Event: 846.583 GC heap after
{Heap after GC invocations=43 (full 0):
 garbage-first heap   total 237568K, used 215206K [0x0000000080000000, 0x0000000100000000)
  region size 1024K, 2 young (2048K), 2 survivors (2048K)
 Metaspace       used 122651K, capacity 126341K, committed 126540K, reserved 1159168K
  class space    used 15800K, capacity 17160K, committed 17228K, reserved 1048576K
}
Event: 846.630 GC heap before
{Heap before GC invocations=43 (full 0):
 garbage-first heap   total 237568K, used 224422K [0x0000000080000000, 0x0000000100000000)
  region size 1024K, 11 young (11264K), 2 survivors (2048K)
 Metaspace       used 122954K, capacity 126733K, committed 126924K, reserved 1159168K
  class space    used 15854K, capacity 17247K, committed 17356K, reserved 1048576K
}
Event: 846.637 GC heap after
{Heap after GC invocations=44 (full 0):
 garbage-first heap   total 237568K, used 217210K [0x0000000080000000, 0x0000000100000000)
  region size 1024K, 2 young (2048K), 2 survivors (2048K)
 Metaspace       used 122954K, capacity 126733K, committed 126924K, reserved 1159168K
  class space    used 15854K, capacity 17247K, committed 17356K, reserved 1048576K
}
Event: 846.678 GC heap before
{Heap before GC invocations=44 (full 0):
 garbage-first heap   total 237568K, used 226426K [0x0000000080000000, 0x0000000100000000)
  region size 1024K, 11 young (11264K), 2 survivors (2048K)
 Metaspace       used 123030K, capacity 126808K, committed 126924K, reserved 1159168K
  class space    used 15860K, capacity 17248K, committed 17356K, reserved 1048576K
}
Event: 846.683 GC heap after
{Heap after GC invocations=45 (full 0):
 garbage-first heap   total 237568K, used 219259K [0x0000000080000000, 0x0000000100000000)
  region size 1024K, 2 young (2048K), 2 survivors (2048K)
 Metaspace       used 123030K, capacity 126808K, committed 126924K, reserved 1159168K
  class space    used 15860K, capacity 17248K, committed 17356K, reserved 1048576K
}
Event: 846.717 GC heap before
{Heap before GC invocations=45 (full 0):
 garbage-first heap   total 237568K, used 227451K [0x0000000080000000, 0x0000000100000000)
  region size 1024K, 11 young (11264K), 2 survivors (2048K)
 Metaspace       used 123105K, capacity 126845K, committed 127180K, reserved 1159168K
  class space    used 15869K, capacity 17258K, committed 17356K, reserved 1048576K
}
Event: 846.724 GC heap after
{Heap after GC invocations=46 (full 0):
 garbage-first heap   total 347136K, used 220781K [0x0000000080000000, 0x0000000100000000)
  region size 1024K, 2 young (2048K), 2 survivors (2048K)
 Metaspace       used 123105K, capacity 126845K, committed 127180K, reserved 1159168K
  class space    used 15869K, capacity 17258K, committed 17356K, reserved 1048576K
}
Event: 847.045 GC heap before
{Heap before GC invocations=47 (full 0):
 garbage-first heap   total 347136K, used 248429K [0x0000000080000000, 0x0000000100000000)
  region size 1024K, 38 young (38912K), 2 survivors (2048K)
 Metaspace       used 124053K, capacity 128141K, committed 128332K, reserved 1161216K
  class space    used 16009K, capacity 17470K, committed 17484K, reserved 1048576K
}
Event: 847.051 GC heap after
{Heap after GC invocations=48 (full 0):
 garbage-first heap   total 347136K, used 214705K [0x0000000080000000, 0x0000000100000000)
  region size 1024K, 4 young (4096K), 4 survivors (4096K)
 Metaspace       used 124053K, capacity 128141K, committed 128332K, reserved 1161216K
  class space    used 16009K, capacity 17470K, committed 17484K, reserved 1048576K
}
Event: 847.167 GC heap before
{Heap before GC invocations=48 (full 0):
 garbage-first heap   total 347136K, used 226993K [0x0000000080000000, 0x0000000100000000)
  region size 1024K, 16 young (16384K), 4 survivors (4096K)
 Metaspace       used 124314K, capacity 128462K, committed 128716K, reserved 1161216K
  class space    used 16044K, capacity 17532K, committed 17612K, reserved 1048576K
}
Event: 847.179 GC heap after
{Heap after GC invocations=49 (full 0):
 garbage-first heap   total 347136K, used 210401K [0x0000000080000000, 0x0000000100000000)
  region size 1024K, 2 young (2048K), 2 survivors (2048K)
 Metaspace       used 124314K, capacity 128462K, committed 128716K, reserved 1161216K
  class space    used 16044K, capacity 17532K, committed 17612K, reserved 1048576K
}
Event: 847.640 GC heap before
{Heap before GC invocations=49 (full 0):
 garbage-first heap   total 347136K, used 260577K [0x0000000080000000, 0x0000000100000000)
  region size 1024K, 48 young (49152K), 2 survivors (2048K)
 Metaspace       used 124583K, capacity 128702K, committed 128972K, reserved 1161216K
  class space    used 16068K, capacity 17542K, committed 17612K, reserved 1048576K
}
Event: 847.654 GC heap after
{Heap after GC invocations=50 (full 0):
 garbage-first heap   total 347136K, used 218622K [0x0000000080000000, 0x0000000100000000)
  region size 1024K, 6 young (6144K), 6 survivors (6144K)
 Metaspace       used 124583K, capacity 128702K, committed 128972K, reserved 1161216K
  class space    used 16068K, capacity 17542K, committed 17612K, reserved 1048576K
}
Event: 848.666 GC heap before
{Heap before GC invocations=51 (full 0):
 garbage-first heap   total 347136K, used 274942K [0x0000000080000000, 0x0000000100000000)
  region size 1024K, 53 young (54272K), 6 survivors (6144K)
 Metaspace       used 125724K, capacity 129750K, committed 129868K, reserved 1161216K
  class space    used 16218K, capacity 17671K, committed 17740K, reserved 1048576K
}

